  [1m[35m (2.3ms)[0m  [1m[35mCREATE TABLE "schema_migrations" ("version" varchar NOT NULL PRIMARY KEY)[0m
  [1m[35m (0.2ms)[0m  [1m[35mCREATE TABLE "ar_internal_metadata" ("key" varchar NOT NULL PRIMARY KEY, "value" varchar, "created_at" datetime(6) NOT NULL, "updated_at" datetime(6) NOT NULL)[0m
  [1m[36mActiveRecord::InternalMetadata Load (0.2ms)[0m  [1m[34mSELECT * FROM "ar_internal_metadata" WHERE "ar_internal_metadata"."key" = ? ORDER BY "ar_internal_metadata"."key" ASC LIMIT 1[0m  [[nil, "environment"]]
  [1m[36mActiveRecord::InternalMetadata Create (0.2ms)[0m  [1m[32mINSERT INTO "ar_internal_metadata" ("key", "value", "created_at", "updated_at") VALUES ('environment', 'development', '2024-03-06 15:58:10.932257', '2024-03-06 15:58:10.932263') RETURNING "key"[0m
  [1m[36mActiveRecord::SchemaMigration Load (0.1ms)[0m  [1m[34mSELECT "schema_migrations"."version" FROM "schema_migrations" ORDER BY "schema_migrations"."version" ASC[0m
Migrating to CreateUsers (20240306155027)
  [1m[36mTRANSACTION (0.1ms)[0m  [1m[36mbegin transaction[0m
  [1m[35m (1.2ms)[0m  [1m[35mCREATE TABLE "users" ("id" integer PRIMARY KEY AUTOINCREMENT NOT NULL, "username" varchar, "name" varchar, "bio" text, "created_at" datetime(6) NOT NULL, "updated_at" datetime(6) NOT NULL)[0m
  [1m[36mActiveRecord::SchemaMigration Create (0.2ms)[0m  [1m[32mINSERT INTO "schema_migrations" ("version") VALUES ('20240306155027') RETURNING "version"[0m
  [1m[36mTRANSACTION (0.1ms)[0m  [1m[36mcommit transaction[0m
Migrating to CreateMThreads (20240306155036)
  [1m[36mTRANSACTION (0.0ms)[0m  [1m[36mbegin transaction[0m
  [1m[35m (2.7ms)[0m  [1m[35mCREATE TABLE "m_threads" ("id" integer PRIMARY KEY AUTOINCREMENT NOT NULL, "title" varchar, "user_id" integer, "created_at" datetime(6) NOT NULL, "updated_at" datetime(6) NOT NULL, CONSTRAINT "fk_rails_e1b3e249b4"
FOREIGN KEY ("user_id")
  REFERENCES "users" ("id")
)[0m
  [1m[35m (0.1ms)[0m  [1m[35mCREATE INDEX "index_m_threads_on_user_id" ON "m_threads" ("user_id")[0m
  [1m[36mActiveRecord::SchemaMigration Create (0.2ms)[0m  [1m[32mINSERT INTO "schema_migrations" ("version") VALUES ('20240306155036') RETURNING "version"[0m
  [1m[36mTRANSACTION (0.1ms)[0m  [1m[36mcommit transaction[0m
Migrating to CreatePosts (20240306155043)
  [1m[36mTRANSACTION (0.0ms)[0m  [1m[36mbegin transaction[0m
  [1m[35m (1.0ms)[0m  [1m[35mCREATE TABLE "posts" ("id" integer PRIMARY KEY AUTOINCREMENT NOT NULL, "m_thread_id" integer NOT NULL, "text" text, "user_id" integer NOT NULL, "created_at" datetime(6) NOT NULL, "updated_at" datetime(6) NOT NULL, CONSTRAINT "fk_rails_1c10f1c77a"
FOREIGN KEY ("m_thread_id")
  REFERENCES "m_threads" ("id")
, CONSTRAINT "fk_rails_5b5ddfd518"
FOREIGN KEY ("user_id")
  REFERENCES "users" ("id")
)[0m
  [1m[35m (0.1ms)[0m  [1m[35mCREATE INDEX "index_posts_on_m_thread_id" ON "posts" ("m_thread_id")[0m
  [1m[35m (0.1ms)[0m  [1m[35mCREATE INDEX "index_posts_on_user_id" ON "posts" ("user_id")[0m
  [1m[36mActiveRecord::SchemaMigration Create (0.2ms)[0m  [1m[32mINSERT INTO "schema_migrations" ("version") VALUES ('20240306155043') RETURNING "version"[0m
  [1m[36mTRANSACTION (0.1ms)[0m  [1m[36mcommit transaction[0m
  [1m[36mActiveRecord::SchemaMigration Load (0.1ms)[0m  [1m[34mSELECT "schema_migrations"."version" FROM "schema_migrations" ORDER BY "schema_migrations"."version" ASC[0m
  [1m[36mActiveRecord::SchemaMigration Load (0.2ms)[0m  [1m[34mSELECT "schema_migrations"."version" FROM "schema_migrations" ORDER BY "schema_migrations"."version" ASC[0m
  [1m[36mTRANSACTION (0.1ms)[0m  [1m[36mbegin transaction[0m
  [1m[36mUser Create (2.9ms)[0m  [1m[32mINSERT INTO "users" ("username", "name", "bio", "created_at", "updated_at") VALUES (?, ?, ?, ?, ?) RETURNING "id"[0m  [["username", "marceline"], ["name", "Marceline Singer"], ["bio", "Cyclist, musician"], ["created_at", "2024-03-06 16:07:30.751931"], ["updated_at", "2024-03-06 16:07:30.751931"]]
  [1m[36mTRANSACTION (3.7ms)[0m  [1m[36mcommit transaction[0m
  [1m[36mTRANSACTION (0.0ms)[0m  [1m[36mbegin transaction[0m
  [1m[36mUser Create (1.1ms)[0m  [1m[32mINSERT INTO "users" ("username", "name", "bio", "created_at", "updated_at") VALUES (?, ?, ?, ?, ?) RETURNING "id"[0m  [["username", "finn"], ["name", "Finn Alberts"], ["bio", "Adventurer and hero, defender of good"], ["created_at", "2024-03-06 16:07:30.763718"], ["updated_at", "2024-03-06 16:07:30.763718"]]
  [1m[36mTRANSACTION (0.1ms)[0m  [1m[36mcommit transaction[0m
  [1m[36mTRANSACTION (0.1ms)[0m  [1m[36mbegin transaction[0m
  [1m[36mUser Create (2.4ms)[0m  [1m[32mINSERT INTO "users" ("username", "name", "bio", "created_at", "updated_at") VALUES (?, ?, ?, ?, ?) RETURNING "id"[0m  [["username", "pb"], ["name", "Paul Barium"], ["bio", "Scientist, cake lover"], ["created_at", "2024-03-06 16:07:30.776056"], ["updated_at", "2024-03-06 16:07:30.776056"]]
  [1m[36mTRANSACTION (1.6ms)[0m  [1m[36mcommit transaction[0m
  [1m[36mTRANSACTION (0.4ms)[0m  [1m[36mbegin transaction[0m
  [1m[36mUser Create (4.4ms)[0m  [1m[32mINSERT INTO "users" ("username", "name", "bio", "created_at", "updated_at") VALUES (?, ?, ?, ?, ?) RETURNING "id"[0m  [["username", "jake"], ["name", "Jake Storm"], ["bio", "Soccer fan, sky diver"], ["created_at", "2024-03-06 16:07:30.787529"], ["updated_at", "2024-03-06 16:07:30.787529"]]
  [1m[36mTRANSACTION (0.1ms)[0m  [1m[36mcommit transaction[0m
  [1m[36mActiveRecord::SchemaMigration Load (0.2ms)[0m  [1m[34mSELECT "schema_migrations"."version" FROM "schema_migrations" ORDER BY "schema_migrations"."version" ASC[0m
  [1m[36mTRANSACTION (0.1ms)[0m  [1m[36mbegin transaction[0m
  [1m[36mUser Create (3.0ms)[0m  [1m[32mINSERT INTO "users" ("username", "name", "bio", "created_at", "updated_at") VALUES (?, ?, ?, ?, ?) RETURNING "id"[0m  [["username", "marceline"], ["name", "Marceline Singer"], ["bio", "Cyclist, musician"], ["created_at", "2024-03-06 16:08:30.739026"], ["updated_at", "2024-03-06 16:08:30.739026"]]
  [1m[36mTRANSACTION (2.9ms)[0m  [1m[36mcommit transaction[0m
  [1m[36mTRANSACTION (0.0ms)[0m  [1m[36mbegin transaction[0m
  [1m[36mUser Create (4.4ms)[0m  [1m[32mINSERT INTO "users" ("username", "name", "bio", "created_at", "updated_at") VALUES (?, ?, ?, ?, ?) RETURNING "id"[0m  [["username", "finn"], ["name", "Finn Alberts"], ["bio", "Adventurer and hero, defender of good"], ["created_at", "2024-03-06 16:08:30.749137"], ["updated_at", "2024-03-06 16:08:30.749137"]]
  [1m[36mTRANSACTION (0.1ms)[0m  [1m[36mcommit transaction[0m
  [1m[36mTRANSACTION (0.0ms)[0m  [1m[36mbegin transaction[0m
  [1m[36mUser Create (1.1ms)[0m  [1m[32mINSERT INTO "users" ("username", "name", "bio", "created_at", "updated_at") VALUES (?, ?, ?, ?, ?) RETURNING "id"[0m  [["username", "pb"], ["name", "Paul Barium"], ["bio", "Scientist, cake lover"], ["created_at", "2024-03-06 16:08:30.756437"], ["updated_at", "2024-03-06 16:08:30.756437"]]
  [1m[36mTRANSACTION (2.2ms)[0m  [1m[36mcommit transaction[0m
  [1m[36mTRANSACTION (0.0ms)[0m  [1m[36mbegin transaction[0m
  [1m[36mUser Create (3.0ms)[0m  [1m[32mINSERT INTO "users" ("username", "name", "bio", "created_at", "updated_at") VALUES (?, ?, ?, ?, ?) RETURNING "id"[0m  [["username", "jake"], ["name", "Jake Storm"], ["bio", "Soccer fan, sky diver"], ["created_at", "2024-03-06 16:08:30.765304"], ["updated_at", "2024-03-06 16:08:30.765304"]]
  [1m[36mTRANSACTION (0.1ms)[0m  [1m[36mcommit transaction[0m
  [1m[36mActiveRecord::SchemaMigration Load (0.1ms)[0m  [1m[34mSELECT "schema_migrations"."version" FROM "schema_migrations" ORDER BY "schema_migrations"."version" ASC[0m
  [1m[36mTRANSACTION (0.1ms)[0m  [1m[36mbegin transaction[0m
  [1m[36mUser Create (3.0ms)[0m  [1m[32mINSERT INTO "users" ("username", "name", "bio", "created_at", "updated_at") VALUES (?, ?, ?, ?, ?) RETURNING "id"[0m  [["username", "marceline"], ["name", "Marceline Singer"], ["bio", "Cyclist, musician"], ["created_at", "2024-03-06 16:09:05.736203"], ["updated_at", "2024-03-06 16:09:05.736203"]]
  [1m[36mTRANSACTION (2.4ms)[0m  [1m[36mcommit transaction[0m
  [1m[36mTRANSACTION (0.0ms)[0m  [1m[36mbegin transaction[0m
  [1m[36mUser Create (3.5ms)[0m  [1m[32mINSERT INTO "users" ("username", "name", "bio", "created_at", "updated_at") VALUES (?, ?, ?, ?, ?) RETURNING "id"[0m  [["username", "finn"], ["name", "Finn Alberts"], ["bio", "Adventurer and hero, defender of good"], ["created_at", "2024-03-06 16:09:05.745830"], ["updated_at", "2024-03-06 16:09:05.745830"]]
  [1m[36mTRANSACTION (3.4ms)[0m  [1m[36mcommit transaction[0m
  [1m[36mTRANSACTION (0.0ms)[0m  [1m[36mbegin transaction[0m
  [1m[36mUser Create (1.2ms)[0m  [1m[32mINSERT INTO "users" ("username", "name", "bio", "created_at", "updated_at") VALUES (?, ?, ?, ?, ?) RETURNING "id"[0m  [["username", "pb"], ["name", "Paul Barium"], ["bio", "Scientist, cake lover"], ["created_at", "2024-03-06 16:09:05.772014"], ["updated_at", "2024-03-06 16:09:05.772014"]]
  [1m[36mTRANSACTION (1.4ms)[0m  [1m[36mcommit transaction[0m
  [1m[36mTRANSACTION (0.0ms)[0m  [1m[36mbegin transaction[0m
  [1m[36mUser Create (9.4ms)[0m  [1m[32mINSERT INTO "users" ("username", "name", "bio", "created_at", "updated_at") VALUES (?, ?, ?, ?, ?) RETURNING "id"[0m  [["username", "jake"], ["name", "Jake Storm"], ["bio", "Soccer fan, sky diver"], ["created_at", "2024-03-06 16:09:05.779398"], ["updated_at", "2024-03-06 16:09:05.779398"]]
  [1m[36mTRANSACTION (0.1ms)[0m  [1m[36mcommit transaction[0m
  [1m[36mActiveRecord::SchemaMigration Load (0.2ms)[0m  [1m[34mSELECT "schema_migrations"."version" FROM "schema_migrations" ORDER BY "schema_migrations"."version" ASC[0m
  [1m[36mTRANSACTION (0.1ms)[0m  [1m[36mbegin transaction[0m
  [1m[36mUser Create (3.0ms)[0m  [1m[32mINSERT INTO "users" ("username", "name", "bio", "created_at", "updated_at") VALUES (?, ?, ?, ?, ?) RETURNING "id"[0m  [["username", "marceline"], ["name", "Marceline Singer"], ["bio", "Cyclist, musician"], ["created_at", "2024-03-06 16:10:33.964017"], ["updated_at", "2024-03-06 16:10:33.964017"]]
  [1m[36mTRANSACTION (2.9ms)[0m  [1m[36mcommit transaction[0m
  [1m[36mTRANSACTION (0.0ms)[0m  [1m[36mbegin transaction[0m
  [1m[36mUser Create (1.1ms)[0m  [1m[32mINSERT INTO "users" ("username", "name", "bio", "created_at", "updated_at") VALUES (?, ?, ?, ?, ?) RETURNING "id"[0m  [["username", "finn"], ["name", "Finn Alberts"], ["bio", "Adventurer and hero, defender of good"], ["created_at", "2024-03-06 16:10:33.974214"], ["updated_at", "2024-03-06 16:10:33.974214"]]
  [1m[36mTRANSACTION (0.1ms)[0m  [1m[36mcommit transaction[0m
  [1m[36mTRANSACTION (0.0ms)[0m  [1m[36mbegin transaction[0m
  [1m[36mUser Create (1.1ms)[0m  [1m[32mINSERT INTO "users" ("username", "name", "bio", "created_at", "updated_at") VALUES (?, ?, ?, ?, ?) RETURNING "id"[0m  [["username", "pb"], ["name", "Paul Barium"], ["bio", "Scientist, cake lover"], ["created_at", "2024-03-06 16:10:33.982187"], ["updated_at", "2024-03-06 16:10:33.982187"]]
  [1m[36mTRANSACTION (0.1ms)[0m  [1m[36mcommit transaction[0m
  [1m[36mTRANSACTION (0.0ms)[0m  [1m[36mbegin transaction[0m
  [1m[36mUser Create (5.3ms)[0m  [1m[32mINSERT INTO "users" ("username", "name", "bio", "created_at", "updated_at") VALUES (?, ?, ?, ?, ?) RETURNING "id"[0m  [["username", "jake"], ["name", "Jake Storm"], ["bio", "Soccer fan, sky diver"], ["created_at", "2024-03-06 16:10:33.988987"], ["updated_at", "2024-03-06 16:10:33.988987"]]
  [1m[36mTRANSACTION (0.1ms)[0m  [1m[36mcommit transaction[0m
  [1m[36mActiveRecord::SchemaMigration Load (0.2ms)[0m  [1m[34mSELECT "schema_migrations"."version" FROM "schema_migrations" ORDER BY "schema_migrations"."version" ASC[0m
  [1m[36mTRANSACTION (0.1ms)[0m  [1m[36mbegin transaction[0m
  [1m[36mUser Create (3.0ms)[0m  [1m[32mINSERT INTO "users" ("username", "name", "bio", "created_at", "updated_at") VALUES (?, ?, ?, ?, ?) RETURNING "id"[0m  [["username", "marceline"], ["name", "Marceline Singer"], ["bio", "Cyclist, musician"], ["created_at", "2024-03-06 16:14:59.509012"], ["updated_at", "2024-03-06 16:14:59.509012"]]
  [1m[36mTRANSACTION (2.5ms)[0m  [1m[36mcommit transaction[0m
  [1m[36mTRANSACTION (0.0ms)[0m  [1m[36mbegin transaction[0m
  [1m[36mUser Create (1.1ms)[0m  [1m[32mINSERT INTO "users" ("username", "name", "bio", "created_at", "updated_at") VALUES (?, ?, ?, ?, ?) RETURNING "id"[0m  [["username", "finn"], ["name", "Finn Alberts"], ["bio", "Adventurer and hero, defender of good"], ["created_at", "2024-03-06 16:14:59.520178"], ["updated_at", "2024-03-06 16:14:59.520178"]]
  [1m[36mTRANSACTION (1.5ms)[0m  [1m[36mcommit transaction[0m
  [1m[36mTRANSACTION (0.0ms)[0m  [1m[36mbegin transaction[0m
  [1m[36mUser Create (1.2ms)[0m  [1m[32mINSERT INTO "users" ("username", "name", "bio", "created_at", "updated_at") VALUES (?, ?, ?, ?, ?) RETURNING "id"[0m  [["username", "pb"], ["name", "Paul Barium"], ["bio", "Scientist, cake lover"], ["created_at", "2024-03-06 16:14:59.527748"], ["updated_at", "2024-03-06 16:14:59.527748"]]
  [1m[36mTRANSACTION (0.1ms)[0m  [1m[36mcommit transaction[0m
  [1m[36mTRANSACTION (0.0ms)[0m  [1m[36mbegin transaction[0m
  [1m[36mUser Create (2.2ms)[0m  [1m[32mINSERT INTO "users" ("username", "name", "bio", "created_at", "updated_at") VALUES (?, ?, ?, ?, ?) RETURNING "id"[0m  [["username", "jake"], ["name", "Jake Storm"], ["bio", "Soccer fan, sky diver"], ["created_at", "2024-03-06 16:14:59.534338"], ["updated_at", "2024-03-06 16:14:59.534338"]]
  [1m[36mTRANSACTION (1.5ms)[0m  [1m[36mcommit transaction[0m
  [1m[36mTRANSACTION (0.1ms)[0m  [1m[36mbegin transaction[0m
  [1m[36mUser Load (1.3ms)[0m  [1m[34mSELECT "users".* FROM "users" WHERE "users"."id" = ? LIMIT ?[0m  [["id", 4], ["LIMIT", 1]]
  [1m[36mMThread Create (0.2ms)[0m  [1m[32mINSERT INTO "m_threads" ("title", "user_id", "created_at", "updated_at") VALUES (?, ?, ?, ?) RETURNING "id"[0m  [["title", "Did you see the Brazil game?"], ["user_id", 4], ["created_at", "2024-03-06 16:14:59.619095"], ["updated_at", "2024-03-06 16:14:59.619095"]]
  [1m[36mTRANSACTION (0.1ms)[0m  [1m[36mcommit transaction[0m
  [1m[36mTRANSACTION (0.0ms)[0m  [1m[36mbegin transaction[0m
  [1m[36mUser Load (7.2ms)[0m  [1m[34mSELECT "users".* FROM "users" WHERE "users"."id" = ? LIMIT ?[0m  [["id", 3], ["LIMIT", 1]]
  [1m[36mMThread Create (0.2ms)[0m  [1m[32mINSERT INTO "m_threads" ("title", "user_id", "created_at", "updated_at") VALUES (?, ?, ?, ?) RETURNING "id"[0m  [["title", "New French bakery opening in the neighborhood tomorrow"], ["user_id", 3], ["created_at", "2024-03-06 16:14:59.630440"], ["updated_at", "2024-03-06 16:14:59.630440"]]
  [1m[36mTRANSACTION (0.1ms)[0m  [1m[36mcommit transaction[0m
  [1m[36mTRANSACTION (0.0ms)[0m  [1m[36mbegin transaction[0m
  [1m[36mUser Load (1.0ms)[0m  [1m[34mSELECT "users".* FROM "users" WHERE "users"."id" = ? LIMIT ?[0m  [["id", 1], ["LIMIT", 1]]
  [1m[36mMThread Create (0.2ms)[0m  [1m[32mINSERT INTO "m_threads" ("title", "user_id", "created_at", "updated_at") VALUES (?, ?, ?, ?) RETURNING "id"[0m  [["title", "In search of a new guitar"], ["user_id", 1], ["created_at", "2024-03-06 16:14:59.642851"], ["updated_at", "2024-03-06 16:14:59.642851"]]
  [1m[36mTRANSACTION (0.1ms)[0m  [1m[36mcommit transaction[0m
  [1m[36mTRANSACTION (0.1ms)[0m  [1m[36mbegin transaction[0m
  [1m[36mMThread Load (2.5ms)[0m  [1m[34mSELECT "m_threads".* FROM "m_threads" WHERE "m_threads"."id" = ? LIMIT ?[0m  [["id", 1], ["LIMIT", 1]]
  [1m[36mUser Load (0.0ms)[0m  [1m[34mSELECT "users".* FROM "users" WHERE "users"."id" = ? LIMIT ?[0m  [["id", 4], ["LIMIT", 1]]
  [1m[36mPost Create (0.2ms)[0m  [1m[32mINSERT INTO "posts" ("m_thread_id", "text", "user_id", "created_at", "updated_at") VALUES (?, ?, ?, ?, ?) RETURNING "id"[0m  [["m_thread_id", 1], ["text", "That last goal was awesome!"], ["user_id", 4], ["created_at", "2024-03-06 16:14:59.687580"], ["updated_at", "2024-03-06 16:14:59.687580"]]
  [1m[36mTRANSACTION (2.8ms)[0m  [1m[36mcommit transaction[0m
  [1m[36mTRANSACTION (0.0ms)[0m  [1m[36mbegin transaction[0m
  [1m[36mMThread Load (1.1ms)[0m  [1m[34mSELECT "m_threads".* FROM "m_threads" WHERE "m_threads"."id" = ? LIMIT ?[0m  [["id", 1], ["LIMIT", 1]]
  [1m[36mUser Load (0.0ms)[0m  [1m[34mSELECT "users".* FROM "users" WHERE "users"."id" = ? LIMIT ?[0m  [["id", 2], ["LIMIT", 1]]
  [1m[36mPost Create (0.2ms)[0m  [1m[32mINSERT INTO "posts" ("m_thread_id", "text", "user_id", "created_at", "updated_at") VALUES (?, ?, ?, ?, ?) RETURNING "id"[0m  [["m_thread_id", 1], ["text", "Yes, the way the ball swerved... What talent!"], ["user_id", 2], ["created_at", "2024-03-06 16:14:59.701588"], ["updated_at", "2024-03-06 16:14:59.701588"]]
  [1m[36mTRANSACTION (2.0ms)[0m  [1m[36mcommit transaction[0m
  [1m[36mTRANSACTION (0.0ms)[0m  [1m[36mbegin transaction[0m
  [1m[36mMThread Load (3.5ms)[0m  [1m[34mSELECT "m_threads".* FROM "m_threads" WHERE "m_threads"."id" = ? LIMIT ?[0m  [["id", 2], ["LIMIT", 1]]
  [1m[36mUser Load (0.0ms)[0m  [1m[34mSELECT "users".* FROM "users" WHERE "users"."id" = ? LIMIT ?[0m  [["id", 3], ["LIMIT", 1]]
  [1m[36mPost Create (0.2ms)[0m  [1m[32mINSERT INTO "posts" ("m_thread_id", "text", "user_id", "created_at", "updated_at") VALUES (?, ?, ?, ?, ?) RETURNING "id"[0m  [["m_thread_id", 2], ["text", "I have to try their tarts!"], ["user_id", 3], ["created_at", "2024-03-06 16:14:59.716391"], ["updated_at", "2024-03-06 16:14:59.716391"]]
  [1m[36mTRANSACTION (0.1ms)[0m  [1m[36mcommit transaction[0m
  [1m[36mTRANSACTION (0.0ms)[0m  [1m[36mbegin transaction[0m
  [1m[36mMThread Load (2.7ms)[0m  [1m[34mSELECT "m_threads".* FROM "m_threads" WHERE "m_threads"."id" = ? LIMIT ?[0m  [["id", 2], ["LIMIT", 1]]
  [1m[36mUser Load (0.0ms)[0m  [1m[34mSELECT "users".* FROM "users" WHERE "users"."id" = ? LIMIT ?[0m  [["id", 2], ["LIMIT", 1]]
  [1m[36mPost Create (0.2ms)[0m  [1m[32mINSERT INTO "posts" ("m_thread_id", "text", "user_id", "created_at", "updated_at") VALUES (?, ?, ?, ?, ?) RETURNING "id"[0m  [["m_thread_id", 2], ["text", "I'm planning to stop by in the morning to try their croissants."], ["user_id", 2], ["created_at", "2024-03-06 16:14:59.728466"], ["updated_at", "2024-03-06 16:14:59.728466"]]
  [1m[36mTRANSACTION (2.6ms)[0m  [1m[36mcommit transaction[0m
  [1m[36mTRANSACTION (0.0ms)[0m  [1m[36mbegin transaction[0m
  [1m[36mMThread Load (1.1ms)[0m  [1m[34mSELECT "m_threads".* FROM "m_threads" WHERE "m_threads"."id" = ? LIMIT ?[0m  [["id", 2], ["LIMIT", 1]]
  [1m[36mUser Load (0.0ms)[0m  [1m[34mSELECT "users".* FROM "users" WHERE "users"."id" = ? LIMIT ?[0m  [["id", 1], ["LIMIT", 1]]
  [1m[36mPost Create (0.2ms)[0m  [1m[32mINSERT INTO "posts" ("m_thread_id", "text", "user_id", "created_at", "updated_at") VALUES (?, ?, ?, ?, ?) RETURNING "id"[0m  [["m_thread_id", 2], ["text", "I could go for a chocolate eclair!"], ["user_id", 1], ["created_at", "2024-03-06 16:14:59.743214"], ["updated_at", "2024-03-06 16:14:59.743214"]]
  [1m[36mTRANSACTION (2.6ms)[0m  [1m[36mcommit transaction[0m
  [1m[36mTRANSACTION (0.0ms)[0m  [1m[36mbegin transaction[0m
  [1m[36mMThread Load (4.1ms)[0m  [1m[34mSELECT "m_threads".* FROM "m_threads" WHERE "m_threads"."id" = ? LIMIT ?[0m  [["id", 3], ["LIMIT", 1]]
  [1m[36mUser Load (0.0ms)[0m  [1m[34mSELECT "users".* FROM "users" WHERE "users"."id" = ? LIMIT ?[0m  [["id", 1], ["LIMIT", 1]]
  [1m[36mPost Create (0.2ms)[0m  [1m[32mINSERT INTO "posts" ("m_thread_id", "text", "user_id", "created_at", "updated_at") VALUES (?, ?, ?, ?, ?) RETURNING "id"[0m  [["m_thread_id", 3], ["text", "I need a new acoustic guitar at a good price."], ["user_id", 1], ["created_at", "2024-03-06 16:14:59.763752"], ["updated_at", "2024-03-06 16:14:59.763752"]]
  [1m[36mTRANSACTION (0.1ms)[0m  [1m[36mcommit transaction[0m
  [1m[36mUser Load (0.2ms)[0m  [1m[34mSELECT "users".* FROM "users" /* loading for pp */ LIMIT ?[0m  [["LIMIT", 11]]
[ActionDispatch::HostAuthorization::DefaultResponseApp] Blocked hosts: 2f58f0cc64624f739707d32c29c63e5d.vfs.cloud9.us-east-1.amazonaws.com
[ActionDispatch::HostAuthorization::DefaultResponseApp] Blocked hosts: 2f58f0cc64624f739707d32c29c63e5d.vfs.cloud9.us-east-1.amazonaws.com
[ActionDispatch::HostAuthorization::DefaultResponseApp] Blocked hosts: 2f58f0cc64624f739707d32c29c63e5d.vfs.cloud9.us-east-1.amazonaws.com
Started GET "/" for 146.111.194.22 at 2024-03-06 16:27:11 +0000
Cannot render console from 146.111.194.22! Allowed networks: 127.0.0.0/127.255.255.255, ::1
  [1m[36mActiveRecord::SchemaMigration Load (0.1ms)[0m  [1m[34mSELECT "schema_migrations"."version" FROM "schema_migrations" ORDER BY "schema_migrations"."version" ASC[0m
Processing by Rails::WelcomeController#index as HTML
  Rendering /home/ec2-user/.rvm/gems/ruby-3.0.6/gems/railties-7.1.3.2/lib/rails/templates/rails/welcome/index.html.erb
  Rendered /home/ec2-user/.rvm/gems/ruby-3.0.6/gems/railties-7.1.3.2/lib/rails/templates/rails/welcome/index.html.erb (Duration: 1.5ms | Allocations: 577)
Completed 200 OK in 27ms (Views: 8.5ms | ActiveRecord: 0.0ms | Allocations: 7690)


Started GET "/" for 146.111.194.22 at 2024-03-06 16:27:18 +0000
Cannot render console from 146.111.194.22! Allowed networks: 127.0.0.0/127.255.255.255, ::1
Processing by Rails::WelcomeController#index as HTML
  Rendering /home/ec2-user/.rvm/gems/ruby-3.0.6/gems/railties-7.1.3.2/lib/rails/templates/rails/welcome/index.html.erb
  Rendered /home/ec2-user/.rvm/gems/ruby-3.0.6/gems/railties-7.1.3.2/lib/rails/templates/rails/welcome/index.html.erb (Duration: 0.1ms | Allocations: 15)
Completed 200 OK in 4ms (Views: 3.3ms | ActiveRecord: 0.0ms | Allocations: 310)


Started GET "/user" for 146.111.194.22 at 2024-03-06 16:27:25 +0000
Cannot render console from 146.111.194.22! Allowed networks: 127.0.0.0/127.255.255.255, ::1
  
ActionController::RoutingError (No route matches [GET] "/user"):
  
Started GET "/users" for 146.111.194.22 at 2024-03-06 16:27:29 +0000
Cannot render console from 146.111.194.22! Allowed networks: 127.0.0.0/127.255.255.255, ::1
Processing by UsersController#index as HTML
  Rendering layout layouts/application.html.erb
  Rendering users/index.html.erb within layouts/application
  [1m[36mUser Load (0.1ms)[0m  [1m[34mSELECT "users".* FROM "users"[0m
  ↳ app/views/users/index.html.erb:6
  Rendered users/_user.html.erb (Duration: 0.6ms | Allocations: 314)
  Rendered users/_user.html.erb (Duration: 0.1ms | Allocations: 20)
  Rendered users/_user.html.erb (Duration: 0.1ms | Allocations: 19)
  Rendered users/_user.html.erb (Duration: 0.0ms | Allocations: 19)
  Rendered users/_user.html.erb (Duration: 0.1ms | Allocations: 19)
  Rendered users/_user.html.erb (Duration: 0.1ms | Allocations: 20)
  Rendered users/_user.html.erb (Duration: 0.1ms | Allocations: 19)
  Rendered users/_user.html.erb (Duration: 0.1ms | Allocations: 19)
  Rendered users/_user.html.erb (Duration: 0.1ms | Allocations: 19)
  Rendered users/_user.html.erb (Duration: 0.1ms | Allocations: 20)
  Rendered users/_user.html.erb (Duration: 0.1ms | Allocations: 19)
  Rendered users/_user.html.erb (Duration: 0.1ms | Allocations: 19)
  Rendered users/_user.html.erb (Duration: 0.1ms | Allocations: 19)
  Rendered users/_user.html.erb (Duration: 0.1ms | Allocations: 20)
  Rendered users/_user.html.erb (Duration: 0.1ms | Allocations: 19)
  Rendered users/_user.html.erb (Duration: 0.0ms | Allocations: 19)
  Rendered users/_user.html.erb (Duration: 0.1ms | Allocations: 19)
  Rendered users/_user.html.erb (Duration: 0.1ms | Allocations: 20)
  Rendered users/_user.html.erb (Duration: 0.1ms | Allocations: 19)
  Rendered users/_user.html.erb (Duration: 0.1ms | Allocations: 19)
  Rendered users/index.html.erb within layouts/application (Duration: 69.3ms | Allocations: 90962)
  Rendered layout layouts/application.html.erb (Duration: 1110.5ms | Allocations: 182295)
Completed 200 OK in 1133ms (Views: 1106.2ms | ActiveRecord: 8.7ms | Allocations: 198277)


Started GET "/users.json" for 146.111.194.22 at 2024-03-06 16:27:38 +0000
Cannot render console from 146.111.194.22! Allowed networks: 127.0.0.0/127.255.255.255, ::1
Processing by UsersController#index as JSON
  Rendering users/index.json.jbuilder
  [1m[36mUser Load (0.1ms)[0m  [1m[34mSELECT "users".* FROM "users"[0m
  ↳ app/views/users/index.json.jbuilder:1
  Rendered collection of users/_user.json.jbuilder [20 times] (Duration: 4.7ms | Allocations: 2348)
  Rendered users/index.json.jbuilder (Duration: 15.8ms | Allocations: 3986)
Completed 200 OK in 26ms (Views: 25.7ms | ActiveRecord: 0.1ms | Allocations: 4576)


